This is pdfTeX, Version 3.141592653-2.6-1.40.24 (MiKTeX 21.12.10) (preloaded format=pdflatex 2021.12.20)  14 JUN 2022 18:39
entering extended mode
 restricted \write18 enabled.
 %&-line parsing enabled.
**./dissertation_main.tex
(dissertation_main.tex
LaTeX2e <2021-11-15> patch level 1
L3 programming layer <2021-11-22>
(C:\Users\matth\AppData\Local\Programs\MiKTeX\tex/latex/nag\nag.sty
Package: nag 2011/11/25 0.7 warning about old commands (ulmi)
\c@nag@c=\count183
\c@nag@sins=\count184
Package nag Info: Loaded nag-l2tabu.cfg  on input line 552.

(C:\Users\matth\AppData\Local\Programs\MiKTeX\tex/latex/nag\nag-l2tabu.cfg
File: nag-l2tabu.cfg 2010/05/17 v2.11 l2tabu rules for nag.sty (ulmi)
)
Package nag Info: Loaded nag-orthodox.cfg  on input line 552.

(C:\Users\matth\AppData\Local\Programs\MiKTeX\tex/latex/nag\nag-orthodox.cfg
File: nag-orthodox.cfg 2006/04/19 v1.8 strict rules for nag.sty (ulmi)
))
(um.cls
Document Class: um 2018/05/01-2021/09/14 v2.0 University of Malta, Dissertation
/FYP/Thesis Template
(C:\Users\matth\AppData\Local\Programs\MiKTeX\tex/latex/memoir\memoir.cls
Document Class: memoir 2021/06/16 v3.7p configurable book, report, article docu
ment class
\onelineskip=\skip47
\lxvchars=\skip48
\xlvchars=\skip49
\@memcnta=\count185
\c@@memmarkcntra=\count186
(C:\Users\matth\AppData\Local\Programs\MiKTeX\tex/generic/iftex\iftex.sty
Package: iftex 2020/03/06 v1.0d TeX engine tests
)
\stockheight=\skip50
\stockwidth=\skip51
\trimtop=\skip52
\trimedge=\skip53

(C:\Users\matth\AppData\Local\Programs\MiKTeX\tex/latex/memoir\mem11.clo
File: mem11.clo 2008/01/30 v0.3 memoir class 11pt size option
)
\binding=\skip54
\spinemargin=\skip55
\foremargin=\skip56
\uppermargin=\skip57
\lowermargin=\skip58
\headdrop=\skip59
\normalrulethickness=\skip60
\mem@maxheadheight=\skip61
\mem@maxfootheight=\skip62
\headwidth=\skip63
\c@storedpagenumber=\count187
\memPD=\dimen138
\m@mabparskip=\skip64
\thanksmarkwidth=\skip65
\thanksmarksep=\skip66
\droptitle=\skip67
\c@book=\count188
\c@part=\count189
\c@chapter=\count190
\c@section=\count191
\c@subsection=\count192
\c@subsubsection=\count193
\c@paragraph=\count194
\c@subparagraph=\count195
\beforechapskip=\skip68
\midchapskip=\skip69
\afterchapskip=\skip70
\chapindent=\skip71
\bottomsectionskip=\skip72
\secindent=\skip73
\beforesecskip=\skip74
\aftersecskip=\skip75
\subsecindent=\skip76
\beforesubsecskip=\skip77
\aftersubsecskip=\skip78
\subsubsecindent=\skip79
\beforesubsubsecskip=\skip80
\aftersubsubsecskip=\skip81
\paraindent=\skip82
\beforeparaskip=\skip83
\afterparaskip=\skip84
\subparaindent=\skip85
\beforesubparaskip=\skip86
\aftersubparaskip=\skip87
\pfbreakskip=\skip88
\c@@ppsavesec=\count196
\c@@ppsaveapp=\count197
\ragrparindent=\dimen139
\everylistparindent=\dimen140
\parsepi=\skip89
\topsepi=\skip90
\itemsepi=\skip91
\parsepii=\skip92
\topsepii=\skip93
\topsepiii=\skip94
\itemsepii=\skip95
\itemsepiii=\skip96
\partopsepii=\skip97
\partopsepiii=\skip98
\m@msavetopsep=\skip99
\m@msavepartopsep=\skip100
\@enLab=\toks16
\abstitleskip=\skip101
\absleftindent=\skip102
\abs@leftindent=\dimen141
\absrightindent=\skip103
\absparindent=\skip104
\absparsep=\skip105
\c@vslineno=\count198
\c@poemline=\count199
\c@modulo@vs=\count266
\c@memfvsline=\count267
\vleftskip=\skip106
\vrightskip=\skip107
\stanzaskip=\skip108
\versewidth=\skip109
\vgap=\skip110
\vindent=\skip111
\vleftmargin=\dimen142
\c@verse=\count268
\c@chrsinstr=\count269
\beforepoemtitleskip=\skip112
\afterpoemtitleskip=\skip113
\c@poem=\count270
\beforePoemTitleskip=\skip114
\midPoemTitleskip=\skip115
\afterPoemTitleskip=\skip116

(C:\Users\matth\AppData\Local\Programs\MiKTeX\tex/latex/tools\array.sty
Package: array 2021/10/04 v2.5f Tabular extension package (FMi)
\col@sep=\dimen143
\ar@mcellbox=\box50
\extrarowheight=\dimen144
\NC@list=\toks17
\extratabsurround=\skip117
\backup@length=\skip118
\ar@cellbox=\box51
)
(C:\Users\matth\AppData\Local\Programs\MiKTeX\tex/latex/tools\dcolumn.sty
Package: dcolumn 2014/10/28 v1.06 decimal alignment package (DPC)
)
(C:\Users\matth\AppData\Local\Programs\MiKTeX\tex/latex/tools\delarray.sty
Package: delarray 2014/10/28 v1.01 array delimiter package (DPC)
)
(C:\Users\matth\AppData\Local\Programs\MiKTeX\tex/latex/tools\tabularx.sty
Package: tabularx 2020/01/15 v2.11c `tabularx' package (DPC)
\TX@col@width=\dimen145
\TX@old@table=\dimen146
\TX@old@col=\dimen147
\TX@target=\dimen148
\TX@delta=\dimen149
\TX@cols=\count271
\TX@ftn=\toks18
)
\heavyrulewidth=\dimen150
\lightrulewidth=\dimen151
\cmidrulewidth=\dimen152
\belowrulesep=\dimen153
\belowbottomsep=\dimen154
\aboverulesep=\dimen155
\abovetopsep=\dimen156
\cmidrulesep=\dimen157
\cmidrulekern=\dimen158
\defaultaddspace=\dimen159
\@cmidla=\count272
\@cmidlb=\count273
\@aboverulesep=\dimen160
\@belowrulesep=\dimen161
\@thisruleclass=\count274
\@lastruleclass=\count275
\@thisrulewidth=\dimen162
\ctableftskip=\skip119
\ctabrightskip=\skip120
\abovecolumnspenalty=\count276
\@linestogo=\count277
\@cellstogo=\count278
\@cellsincolumn=\count279
\crtok=\toks19
\@mincolumnwidth=\dimen163
\c@newflo@tctr=\count280
\mem@margin@floatbox=\box52
\@contcwidth=\skip121
\@contindw=\skip122
\abovecaptionskip=\skip123
\belowcaptionskip=\skip124
\subfloattopskip=\skip125
\subfloatcapskip=\skip126
\subfloatcaptopadj=\skip127
\subfloatbottomskip=\skip128
\subfloatlabelskip=\skip129
\subfloatcapmargin=\dimen164
\c@@contsubnum=\count281
\m@mscap@capbox=\box53
\m@mscap@fbox=\box54
\sidecapsep=\dimen165
\sidecapwidth=\dimen166
\m@m@tempdima=\dimen167
\m@mscapraise=\dimen168
\sidecapraise=\dimen169
\m@mscapmainwidth=\dimen170
\m@mscaplkern=\dimen171
\beforeepigraphskip=\skip130
\afterepigraphskip=\skip131
\epigraphwidth=\skip132
\epigraphrule=\skip133
LaTeX Info: Redefining \em on input line 7654.
LaTeX Info: Redefining \emph on input line 7662.
\tocentryskip=\skip134
\tocbaseline=\skip135
\cftparskip=\skip136
\cftbeforebookskip=\skip137
\cftbookindent=\dimen172
\cftbooknumwidth=\dimen173
\cftbeforepartskip=\skip138
\cftpartindent=\skip139
\cftpartnumwidth=\skip140
\cftbeforechapterskip=\skip141
\cftchapterindent=\skip142
\cftchapternumwidth=\skip143
\cftbeforesectionskip=\skip144
\cftsectionindent=\skip145
\cftsectionnumwidth=\skip146
\cftbeforesubsectionskip=\skip147
\cftsubsectionindent=\skip148
\cftsubsectionnumwidth=\skip149
\cftbeforesubsubsectionskip=\skip150
\cftsubsubsectionindent=\skip151
\cftsubsubsectionnumwidth=\skip152
\cftbeforeparagraphskip=\skip153
\cftparagraphindent=\skip154
\cftparagraphnumwidth=\skip155
\cftbeforesubparagraphskip=\skip156
\cftsubparagraphindent=\skip157
\cftsubparagraphnumwidth=\skip158
\prechapterprecisshift=\dimen174
\c@maxsecnumdepth=\count282
\bibindent=\dimen175
\bibitemsep=\skip159
\indexcolsep=\skip160
\indexrule=\skip161
\indexmarkstyle=\toks20
\@indexbox=\insert252
\glossarycolsep=\dimen176
\glossaryrule=\dimen177
\sideparvshift=\skip162
\sideins=\insert251
\sidebartopsep=\skip163
\sidebarhsep=\skip164
\sidebarvsep=\skip165
\sidebarwidth=\skip166
\footmarkwidth=\skip167
\footmarksep=\skip168
\footparindent=\skip169
\footinsdim=\skip170
\footinsv@r=\insert250
\@mpfootinsv@r=\insert249
\m@m@k=\count283
\m@m@h=\dimen178
\m@mipn@skip=\skip171
\sidefootins=\insert248
\sidefootadjust=\skip172
\sidefootheight=\skip173
\sidefoothsep=\skip174
\sidefootvsep=\skip175
\sidefootwidth=\skip176
\m@mdownsf=\skip177
\c@sidefootnote=\count284
\sidefootmarkwidth=\skip178
\sidefootmarksep=\skip179
\sidefootparindent=\skip180
\c@pagenote=\count285
\c@pagenoteshadow=\count286
\mem@pn@lastkern=\skip181
\every@verbatim=\toks21
\afterevery@verbatim=\toks22
\verbatim@line=\toks23
\tab@position=\count287
\verbatim@in@stream=\read2
\verbatimindent=\skip182
\verbatim@out=\write3
\bvboxsep=\skip183
\c@memfbvline=\count288
\c@bvlinectr=\count289
\bvnumlength=\skip184
\fb@frw=\dimen179
\fb@frh=\dimen180
\FrameRule=\dimen181
\FrameSep=\dimen182


LaTeX hooks Warning: Generic hook 'package/before/framed' is deprecated.
(hooks)              Use hook 'package/framed/before' instead.

\c@cp@cntr=\count290
\c@ism@mctr=\count291
\c@xsm@mctr=\count292
\c@csm@mctr=\count293
\c@ksm@mctr=\count294
\c@xksm@mctr=\count295
\c@cksm@mctr=\count296
\c@msm@mctr=\count297
\c@xmsm@mctr=\count298
\c@cmsm@mctr=\count299
\c@bsm@mctr=\count300
\c@workm@mctr=\count301
\c@sheetsequence=\count302
\c@lastsheet=\count303
\c@lastpage=\count304
(C:\Users\matth\AppData\Local\Programs\MiKTeX\tex/latex/textcase\textcase.sty
Package: textcase 2019/09/14 v1.00 Text only upper/lower case changing (DPC)
)
\c@figure=\count305
\c@lofdepth=\count306
\cftbeforefigureskip=\skip185
\cftfigureindent=\skip186
\cftfigurenumwidth=\skip187
\c@table=\count307
\c@lotdepth=\count308
\cftbeforetableskip=\skip188
\cfttableindent=\skip189
\cfttablenumwidth=\skip190
Package abstract [2008/07/23] emulated by memoir.
Package appendix [2008/07/23] emulated by memoir.
Package booktabs [2016/05/16] emulated by memoir.
Package ccaption [2008/07/23] emulated by memoir.
Package changepage [2008/07/23] emulated by memoir.
Package chngcntr [2008/07/23] emulated by memoir.
Package chngpage [2008/07/23] emulated by memoir.
Package crop emulated by memoir.
Package enumerate [2008/07/23] emulated by memoir.
Package epigraph [2008/07/23] emulated by memoir.
Package ifmtarg [2008/07/23] emulated by memoir.
Package index [2008/07/23] emulated by memoir.
Package makeidx [2008/07/23] emulated by memoir.
Package moreverb [2008/07/23] emulated by memoir.
Package needspace [2008/07/23] emulated by memoir.
Package newfile [2008/07/23] emulated by memoir.
Package nextpage [2008/07/23] emulated by memoir.
Package pagenote [2008/07/23] emulated by memoir.
Package parskip [2008/07/23] emulated by memoir.
Package patchcmd [2008/07/23] emulated by memoir.
Package setspace [2008/07/23] emulated by memoir.
Package shortvrb [2008/07/23] emulated by memoir.
Package showidx [2008/07/23] emulated by memoir.
Package titleref [2008/07/23] emulated by memoir.
Package titling [2008/07/23] emulated by memoir.
Package tocbibind [2008/07/23] emulated by memoir.
Package tocloft [2008/07/23] emulated by memoir.
Package tocvsec2 [2008/07/23] emulated by memoir.
Package verbatim [2008/07/23] emulated by memoir.
Package verse [2008/07/23] emulated by memoir.


LaTeX hooks Warning: Generic hook 'package/before/float' is deprecated.
(hooks)              Use hook 'package/float/before' instead.

) (C:\Users\matth\AppData\Local\Programs\MiKTeX\tex/latex/base\inputenc.sty
Package: inputenc 2021/02/14 v1.3d Input encoding file
\inpenc@prehook=\toks24
\inpenc@posthook=\toks25
)
(C:\Users\matth\AppData\Local\Programs\MiKTeX\tex/latex/base\fontenc.sty
Package: fontenc 2021/04/29 v2.0v Standard LaTeX package
)
(C:\Users\matth\AppData\Local\Programs\MiKTeX\tex/latex/psnfss\mathpazo.sty
Package: mathpazo 2020/03/25 PSNFSS-v9.3 Palatino w/ Pazo Math (D.Puga, WaS) 
\symupright=\mathgroup4
)
(C:\Users\matth\AppData\Local\Programs\MiKTeX\tex/generic/babel\babel.sty
Package: babel 2021/11/29 3.67 The Babel package
\babel@savecnt=\count309
\U@D=\dimen183
\l@unhyphenated=\language79

(C:\Users\matth\AppData\Local\Programs\MiKTeX\tex/generic/babel\txtbabel.def)
\bbl@readstream=\read3
\bbl@dirlevel=\count310

*************************************
* Local config file bblopts.cfg used
*
(C:\Users\matth\AppData\Local\Programs\MiKTeX\tex/latex/arabi\bblopts.cfg
File: bblopts.cfg 2005/09/08 v0.1 add Arabic and Farsi to "declared" options of
 babel
)
(C:\Users\matth\AppData\Local\Programs\MiKTeX\tex/latex/babel-english\english.l
df
Language: english 2017/06/06 v3.3r English support from the babel system
Package babel Info: Hyphen rules for 'canadian' set to \l@english
(babel)             (\language0). Reported on input line 102.
Package babel Info: Hyphen rules for 'australian' set to \l@ukenglish
(babel)             (\language73). Reported on input line 105.
Package babel Info: Hyphen rules for 'newzealand' set to \l@ukenglish
(babel)             (\language73). Reported on input line 108.
)) (C:\Users\matth\AppData\Local\Programs\MiKTeX\tex/latex/xcolor\xcolor.sty
Package: xcolor 2021/10/31 v2.13 LaTeX color extensions (UK)

(C:\Users\matth\AppData\Local\Programs\MiKTeX\tex/latex/graphics-cfg\color.cfg
File: color.cfg 2016/01/02 v1.6 sample color configuration
)
Package xcolor Info: Driver file: pdftex.def on input line 227.

(C:\Users\matth\AppData\Local\Programs\MiKTeX\tex/latex/graphics-def\pdftex.def
File: pdftex.def 2020/10/05 v1.2a Graphics/color driver for pdftex
)
Package xcolor Info: Model `cmy' substituted by `cmy0' on input line 1352.
Package xcolor Info: Model `hsb' substituted by `rgb' on input line 1356.
Package xcolor Info: Model `RGB' extended on input line 1368.
Package xcolor Info: Model `HTML' substituted by `rgb' on input line 1370.
Package xcolor Info: Model `Hsb' substituted by `hsb' on input line 1371.
Package xcolor Info: Model `tHsb' substituted by `hsb' on input line 1372.
Package xcolor Info: Model `HSB' substituted by `hsb' on input line 1373.
Package xcolor Info: Model `Gray' substituted by `gray' on input line 1374.
Package xcolor Info: Model `wave' substituted by `hsb' on input line 1375.
) (C:\Users\matth\AppData\Local\Programs\MiKTeX\tex/latex/eso-pic\eso-pic.sty
Package: eso-pic 2020/10/14 v3.0a eso-pic (RN)
\ESO@tempdima=\dimen184
\ESO@tempdimb=\dimen185

(C:\Users\matth\AppData\Local\Programs\MiKTeX\tex/latex/graphics\keyval.sty
Package: keyval 2014/10/28 v1.15 key=value parser (DPC)
\KV@toks@=\toks26
))
(C:\Users\matth\AppData\Local\Programs\MiKTeX\tex/latex/datetime\datetime.sty
Package: datetime 2015/03/20 v2.60 Date Time Package

(C:\Users\matth\AppData\Local\Programs\MiKTeX\tex/latex/etoolbox\etoolbox.sty
Package: etoolbox 2020/10/05 v2.5k e-TeX tools for LaTeX (JAW)
\etb@tempcnta=\count311
)
(C:\Users\matth\AppData\Local\Programs\MiKTeX\tex/latex/fmtcount\fmtcount.sty
Package: fmtcount 2020/01/30 v3.07

(C:\Users\matth\AppData\Local\Programs\MiKTeX\tex/latex/base\ifthen.sty
Package: ifthen 2020/11/24 v1.1c Standard LaTeX ifthen package (DPC)
)
(C:\Users\matth\AppData\Local\Programs\MiKTeX\tex/latex/xkeyval\xkeyval.sty
Package: xkeyval 2020/11/20 v2.8 package option processing (HA)

(C:\Users\matth\AppData\Local\Programs\MiKTeX\tex/generic/xkeyval\xkeyval.tex
(C:\Users\matth\AppData\Local\Programs\MiKTeX\tex/generic/xkeyval\xkvutils.tex
\XKV@toks=\toks27
\XKV@tempa@toks=\toks28
)
\XKV@depth=\count312
File: xkeyval.tex 2014/12/03 v2.7a key=value parser (HA)
))
(C:\Users\matth\AppData\Local\Programs\MiKTeX\tex/latex/fmtcount\fcprefix.sty
Package: fcprefix 2012/09/28

(C:\Users\matth\AppData\Local\Programs\MiKTeX\tex/latex/fmtcount\fcnumparser.st
y
Package: fcnumparser 2017/06/15
\fc@digit@counter=\count313
)) (C:\Users\matth\AppData\Local\Programs\MiKTeX\tex/latex/amsmath\amsgen.sty
File: amsgen.sty 1999/11/30 v2.0 generic functions
\@emptytoks=\toks29
\ex@=\dimen186
)
\c@padzeroesN=\count314
\fc@tmpcatcode=\count315

(C:\Users\matth\AppData\Local\Programs\MiKTeX\tex/latex/fmtcount\fc-english.def
File: fc-english.def 2016/01/12
)
\@DT@modctr=\count316
\@ordinalctr=\count317
\@orgargctr=\count318
\@strctr=\count319
\@tmpstrctr=\count320
\@DT@loopN=\count321
\@DT@X=\count322


Package fmtcount Warning: \ordinal already defined use \FCordinal instead. on i
nput line 466.

)
(C:\Users\matth\AppData\Local\Programs\MiKTeX\tex/latex/datetime\datetime-defau
lts.sty
Package: datetime-defaults 2013/09/10
)
\@day=\count323
\@month=\count324
\@year=\count325
\c@HOUR=\count326
\c@HOURXII=\count327
\c@MINUTE=\count328
\c@TOHOUR=\count329
\c@TOMINUTE=\count330
\c@SECOND=\count331
\currenthour=\count332
\currentminute=\count333
\currentsecond=\count334
Package datetime Info: No datetime.cfg file found, using default settings on in
put line 308.
\@dtctr=\count335
\dayofyear=\count336
\dayofweek=\count337
LaTeX Info: Redefining \today on input line 736.
\dt@a=\toks30
\dt@b=\toks31
)
(C:\Users\matth\AppData\Local\Programs\MiKTeX\tex/latex/graphics\graphicx.sty
Package: graphicx 2021/09/16 v1.2d Enhanced LaTeX Graphics (DPC,SPQR)

(C:\Users\matth\AppData\Local\Programs\MiKTeX\tex/latex/graphics\graphics.sty
Package: graphics 2021/03/04 v1.4d Standard LaTeX Graphics (DPC,SPQR)

(C:\Users\matth\AppData\Local\Programs\MiKTeX\tex/latex/graphics\trig.sty
Package: trig 2021/08/11 v1.11 sin cos tan (DPC)
)
(C:\Users\matth\AppData\Local\Programs\MiKTeX\tex/latex/graphics-cfg\graphics.c
fg
File: graphics.cfg 2016/06/04 v1.11 sample graphics configuration
)
Package graphics Info: Driver file: pdftex.def on input line 107.
)
\Gin@req@height=\dimen187
\Gin@req@width=\dimen188
)
(C:\Users\matth\AppData\Local\Programs\MiKTeX\tex/latex/amsfonts\amssymb.sty
Package: amssymb 2013/01/14 v3.01 AMS font symbols

(C:\Users\matth\AppData\Local\Programs\MiKTeX\tex/latex/amsfonts\amsfonts.sty
Package: amsfonts 2013/01/14 v3.01 Basic AMSFonts support
\symAMSa=\mathgroup5
\symAMSb=\mathgroup6
LaTeX Font Info:    Redeclaring math symbol \hbar on input line 98.
LaTeX Font Info:    Overwriting math alphabet `\mathfrak' in version `bold'
(Font)                  U/euf/m/n --> U/euf/b/n on input line 106.
)) (C:\Users\matth\AppData\Local\Programs\MiKTeX\tex/latex/hyperref\hyperref.st
y
Package: hyperref 2021-06-07 v7.00m Hypertext links for LaTeX

(C:\Users\matth\AppData\Local\Programs\MiKTeX\tex/generic/ltxcmds\ltxcmds.sty
Package: ltxcmds 2020-05-10 v1.25 LaTeX kernel commands for general use (HO)
)
(C:\Users\matth\AppData\Local\Programs\MiKTeX\tex/generic/pdftexcmds\pdftexcmds
.sty
Package: pdftexcmds 2020-06-27 v0.33 Utility functions of pdfTeX for LuaTeX (HO
)

(C:\Users\matth\AppData\Local\Programs\MiKTeX\tex/generic/infwarerr\infwarerr.s
ty
Package: infwarerr 2019/12/03 v1.5 Providing info/warning/error messages (HO)
)
Package pdftexcmds Info: \pdf@primitive is available.
Package pdftexcmds Info: \pdf@ifprimitive is available.
Package pdftexcmds Info: \pdfdraftmode found.
)
(C:\Users\matth\AppData\Local\Programs\MiKTeX\tex/generic/kvsetkeys\kvsetkeys.s
ty
Package: kvsetkeys 2019/12/15 v1.18 Key value parser (HO)
)
(C:\Users\matth\AppData\Local\Programs\MiKTeX\tex/generic/kvdefinekeys\kvdefine
keys.sty
Package: kvdefinekeys 2019-12-19 v1.6 Define keys (HO)
)
(C:\Users\matth\AppData\Local\Programs\MiKTeX\tex/generic/pdfescape\pdfescape.s
ty
Package: pdfescape 2019/12/09 v1.15 Implements pdfTeX's escape features (HO)
) (C:\Users\matth\AppData\Local\Programs\MiKTeX\tex/latex/hycolor\hycolor.sty
Package: hycolor 2020-01-27 v1.10 Color options for hyperref/bookmark (HO)
)
(C:\Users\matth\AppData\Local\Programs\MiKTeX\tex/latex/letltxmacro\letltxmacro
.sty
Package: letltxmacro 2019/12/03 v1.6 Let assignment for LaTeX macros (HO)
)
(C:\Users\matth\AppData\Local\Programs\MiKTeX\tex/latex/auxhook\auxhook.sty
Package: auxhook 2019-12-17 v1.6 Hooks for auxiliary files (HO)
)
(C:\Users\matth\AppData\Local\Programs\MiKTeX\tex/latex/kvoptions\kvoptions.sty
Package: kvoptions 2020-10-07 v3.14 Key value format for package options (HO)
)
\@linkdim=\dimen189
\Hy@linkcounter=\count338
\Hy@pagecounter=\count339
 (C:\Users\matth\AppData\Local\Programs\MiKTeX\tex/latex/hyperref\pd1enc.def
File: pd1enc.def 2021-06-07 v7.00m Hyperref: PDFDocEncoding definition (HO)
Now handling font encoding PD1 ...
... no UTF-8 mapping file for font encoding PD1
)
(C:\Users\matth\AppData\Local\Programs\MiKTeX\tex/latex/hyperref\hyperref-langp
atches.def
File: hyperref-langpatches.def 2021-06-07 v7.00m Hyperref: patches for babel la
nguages
)
(C:\Users\matth\AppData\Local\Programs\MiKTeX\tex/generic/intcalc\intcalc.sty
Package: intcalc 2019/12/15 v1.3 Expandable calculations with integers (HO)
)
(C:\Users\matth\AppData\Local\Programs\MiKTeX\tex/generic/etexcmds\etexcmds.sty
Package: etexcmds 2019/12/15 v1.7 Avoid name clashes with e-TeX commands (HO)
)
\Hy@SavedSpaceFactor=\count340
 (C:\Users\matth\AppData\Local\Programs\MiKTeX\tex/latex/hyperref\puenc.def
File: puenc.def 2021-06-07 v7.00m Hyperref: PDF Unicode definition (HO)
Now handling font encoding PU ...
... no UTF-8 mapping file for font encoding PU
)
Package hyperref Info: Option `pdfusetitle' set `true' on input line 4073.
Package hyperref Info: Hyper figures OFF on input line 4192.
Package hyperref Info: Link nesting OFF on input line 4197.
Package hyperref Info: Hyper index ON on input line 4200.
Package hyperref Info: Plain pages OFF on input line 4207.
Package hyperref Info: Backreferencing OFF on input line 4212.
Package hyperref Info: Implicit mode ON; LaTeX internals redefined.
Package hyperref Info: Bookmarks ON on input line 4445.
\c@Hy@tempcnt=\count341

(C:\Users\matth\AppData\Local\Programs\MiKTeX\tex/latex/url\url.sty
\Urlmuskip=\muskip16
Package: url 2013/09/16  ver 3.4  Verb mode for urls, etc.
)
LaTeX Info: Redefining \url on input line 4804.
\XeTeXLinkMargin=\dimen190

(C:\Users\matth\AppData\Local\Programs\MiKTeX\tex/generic/bitset\bitset.sty
Package: bitset 2019/12/09 v1.3 Handle bit-vector datatype (HO)

(C:\Users\matth\AppData\Local\Programs\MiKTeX\tex/generic/bigintcalc\bigintcalc
.sty
Package: bigintcalc 2019/12/15 v1.5 Expandable calculations on big integers (HO
)
))
\Fld@menulength=\count342
\Field@Width=\dimen191
\Fld@charsize=\dimen192
Package hyperref Info: Hyper figures OFF on input line 6076.
Package hyperref Info: Link nesting OFF on input line 6081.
Package hyperref Info: Hyper index ON on input line 6084.
Package hyperref Info: backreferencing OFF on input line 6091.
Package hyperref Info: Link coloring OFF on input line 6096.
Package hyperref Info: Link coloring with OCG OFF on input line 6101.
Package hyperref Info: PDF/A mode OFF on input line 6106.
LaTeX Info: Redefining \ref on input line 6146.
LaTeX Info: Redefining \pageref on input line 6150.

(C:\Users\matth\AppData\Local\Programs\MiKTeX\tex/latex/base\atbegshi-ltx.sty
Package: atbegshi-ltx 2021/01/10 v1.0c Emulation of the original atbegshi
package with kernel methods
)
\Hy@abspage=\count343
\c@Item=\count344
\c@Hfootnote=\count345
) (C:\Users\matth\AppData\Local\Programs\MiKTeX\tex/latex/memoir\memhfixc.sty
Package: memhfixc 2021/06/16 v1.19 nameref/hyperref package fixes for memoir cl
ass


LaTeX hooks Warning: Generic hook 'package/after/nameref' is deprecated.
(hooks)              Use hook 'package/nameref/after' instead.

\c@memhycontfloat=\count346
\c@Hpagenote=\count347

LaTeX hooks Warning: Generic hook 'package/after/hypcap' is deprecated.
(hooks)              Use hook 'package/hypcap/after' instead.

)
Package hyperref Info: Driver (autodetected): hpdftex.
 (C:\Users\matth\AppData\Local\Programs\MiKTeX\tex/latex/hyperref\hpdftex.def
File: hpdftex.def 2021-06-07 v7.00m Hyperref driver for pdfTeX

(C:\Users\matth\AppData\Local\Programs\MiKTeX\tex/latex/base\atveryend-ltx.sty
Package: atveryend-ltx 2020/08/19 v1.0a Emulation of the original atveryend pac
kage
with kernel methods
)
\Fld@listcount=\count348
\c@bookmark@seq@number=\count349

(C:\Users\matth\AppData\Local\Programs\MiKTeX\tex/latex/rerunfilecheck\rerunfil
echeck.sty
Package: rerunfilecheck 2019/12/05 v1.9 Rerun checks for auxiliary files (HO)

(C:\Users\matth\AppData\Local\Programs\MiKTeX\tex/generic/uniquecounter\uniquec
ounter.sty
Package: uniquecounter 2019/12/15 v1.4 Provide unlimited unique counter (HO)
)
Package uniquecounter Info: New unique counter `rerunfilecheck' on input line 2
86.
)
\Hy@SectionHShift=\skip191
)
(C:\Users\matth\AppData\Local\Programs\MiKTeX\tex/latex/natbib\natbib.sty
Package: natbib 2010/09/13 8.31b (PWD, AO)
\bibhang=\skip192
\bibsep=\skip193
LaTeX Info: Redefining \cite on input line 694.
\c@NAT@ctr=\count350
)
(C:\Users\matth\AppData\Local\Programs\MiKTeX\tex/latex/sttools\floatpag.sty
Package: floatpag 2021/10/04 v2.0 Different pagestyles on float pages
)
(C:\Users\matth\AppData\Local\Programs\MiKTeX\tex/latex/tools\longtable.sty
Package: longtable 2021-09-01 v4.17 Multi-page Table package (DPC)
\LTleft=\skip194
\LTright=\skip195
\LTpre=\skip196
\LTpost=\skip197
\LTchunksize=\count351
\LTcapwidth=\dimen193
\LT@head=\box55
\LT@firsthead=\box56
\LT@foot=\box57
\LT@lastfoot=\box58
\LT@gbox=\box59
\LT@cols=\count352
\LT@rows=\count353
\c@LT@tables=\count354
\c@LT@chunks=\count355
\LT@p@ftn=\toks32
)
(C:\Users\matth\AppData\Local\Programs\MiKTeX\tex/latex/pdflscape\pdflscape.sty
Package: pdflscape 2019/12/05 v0.12 Display of landscape pages in PDF (HO)
(C:\Users\matth\AppData\Local\Programs\MiKTeX\tex/latex/graphics\lscape.sty
Package: lscape 2020/05/28 v3.02 Landscape Pages (DPC)
)
Package pdflscape Info: Auto-detected driver: pdftex on input line 81.
)
(C:\Users\matth\AppData\Local\Programs\MiKTeX\tex/latex/lato\lato.sty
Package: lato 2019/06/20 Style file for Lato.

(C:\Users\matth\AppData\Local\Programs\MiKTeX\tex/latex/fontaxes\fontaxes.sty
Package: fontaxes 2020/07/21 v1.0e Font selection axes
LaTeX Info: Redefining \upshape on input line 29.
LaTeX Info: Redefining \itshape on input line 31.
LaTeX Info: Redefining \slshape on input line 33.
LaTeX Info: Redefining \swshape on input line 35.
LaTeX Info: Redefining \scshape on input line 37.
LaTeX Info: Redefining \sscshape on input line 39.
LaTeX Info: Redefining \ulcshape on input line 41.
LaTeX Info: Redefining \textsw on input line 47.
LaTeX Info: Redefining \textssc on input line 48.
LaTeX Info: Redefining \textulc on input line 49.
)
(C:\Users\matth\AppData\Local\Programs\MiKTeX\tex/generic/iftex\ifluatex.sty
Package: ifluatex 2019/10/25 v1.5 ifluatex legacy package. Use iftex instead.
)
(C:\Users\matth\AppData\Local\Programs\MiKTeX\tex/generic/iftex\ifxetex.sty
Package: ifxetex 2019/10/25 v0.7 ifxetex legacy package. Use iftex instead.
))
(C:\Users\matth\AppData\Local\Programs\MiKTeX\tex/latex/acronym\acronym.sty
Package: acronym 2020/04/17 v1.47 Support for acronyms (Tobias Oetiker)

(C:\Users\matth\AppData\Local\Programs\MiKTeX\tex/latex/bigfoot\suffix.sty
Package: suffix 2006/07/15 1.5a Variant command support
)
(C:\Users\matth\AppData\Local\Programs\MiKTeX\tex/latex/xstring\xstring.sty
(C:\Users\matth\AppData\Local\Programs\MiKTeX\tex/generic/xstring\xstring.tex
\integerpart=\count356
\decimalpart=\count357
)
Package: xstring 2021/07/21 v1.84 String manipulations (CT)
)
\AC@clearlist=\toks33
)

******************************************************
Stock height and width: 845.04684pt by 597.50787pt
Top and edge trims: 0pt and 0pt
Page height and width: 845.04684pt by 597.50787pt
Text height and width: 604.88354pt by 421pt
Spine and edge margins: 105.2751pt and 71.13188pt
Upper and lower margins: 126.74379pt and 113.41951pt
Headheight and headsep: 13.6pt and 42.67912pt
Footskip: 27.46295pt
Columnsep and columnseprule: 10pt and 0pt
Marginparsep and marginparwidth: 7pt and 57.13188pt
Sidecapsep and sidecapwidth: 7pt and 101pt
Sidebarhsep and sidebarwidth: 7pt and 101pt
Sidebarvsep and sidebartopsep: 13.6pt and 0pt
Sidebarheight: 594.32022pt
Sidefoothsep and sidefootwidth: 7pt and 101pt
Sidefootvsep and sidefootheight: 13.6pt and 594.32022pt
******************************************************

LaTeX Font Info:    Trying to load font information for T1+ppl on input line 11
3.
(C:\Users\matth\AppData\Local\Programs\MiKTeX\tex/latex/psnfss\t1ppl.fd
File: t1ppl.fd 2001/06/04 font definitions for T1/ppl.
)
LaTeX Font Info:    Trying to load font information for T1+lato-TLF on input li
ne 113.

(C:\Users\matth\AppData\Local\Programs\MiKTeX\tex/latex/lato\t1lato-tlf.fd
File: T1lato-TLF.fd 2019/06/24 Font definitions for T1/lato-TLF.
)
LaTeX Font Info:    Font shape `T1/lato-TLF/m/n' will be
(Font)              scaled to size 24.88pt on input line 113.
\c@subfigure=\count358
\cftbeforesubfigureskip=\skip198
\cftsubfigureindent=\skip199
\cftsubfigurenumwidth=\skip256
Package hyperref Info: Option `colorlinks' set `false' on input line 140.
)
(C:\Users\matth\AppData\Local\Programs\MiKTeX\tex/latex/listings\listings.sty
\lst@mode=\count359
\lst@gtempboxa=\box60
\lst@token=\toks34
\lst@length=\count360
\lst@currlwidth=\dimen194
\lst@column=\count361
\lst@pos=\count362
\lst@lostspace=\dimen195
\lst@width=\dimen196
\lst@newlines=\count363
\lst@lineno=\count364
\lst@maxwidth=\dimen197

(C:\Users\matth\AppData\Local\Programs\MiKTeX\tex/latex/listings\lstmisc.sty
File: lstmisc.sty 2020/03/24 1.8d (Carsten Heinz)
\c@lstnumber=\count365
\lst@skipnumbers=\count366
\lst@framebox=\box61
)
(C:\Users\matth\AppData\Local\Programs\MiKTeX\tex/latex/listings\listings.cfg
File: listings.cfg 2020/03/24 1.8d listings configuration
))
Package: listings 2020/03/24 1.8d (Carsten Heinz)
(C:\Users\matth\AppData\Local\Programs\MiKTeX\tex/latex/float\float.sty
Package: float 2001/11/08 v1.3d Float enhancements (AL)
\c@float@type=\count367
\float@exts=\toks35
\float@box=\box62
\@float@everytoks=\toks36
\@floatcapt=\box63
)
(C:\Users\matth\AppData\Local\Programs\MiKTeX\tex/latex/caption\caption.sty
Package: caption 2022/03/01 v3.6b Customizing captions (AR)

(C:\Users\matth\AppData\Local\Programs\MiKTeX\tex/latex/caption\caption3.sty
Package: caption3 2022/03/17 v2.3b caption3 kernel (AR)
\caption@tempdima=\dimen198
\captionmargin=\dimen199
\caption@leftmargin=\dimen256
\caption@rightmargin=\dimen257
\caption@width=\dimen258
\caption@indent=\dimen259
\caption@parindent=\dimen260
\caption@hangindent=\dimen261
Package caption Info: memoir document class detected.

(C:\Users\matth\AppData\Local\Programs\MiKTeX\tex/latex/caption\caption-memoir.
sto
File: caption-memoir.sto 2022/03/02 v2.2b Adaption of the caption package to th
e memoir document class (AR)
))
\c@caption@flags=\count368
\c@continuedfloat=\count369
Package caption Info: changepage package is loaded.
\caption@adjustwidth@hsize=\dimen262
\caption@adjustwidth@linewidth=\dimen263
Package caption Info: float package is loaded.
Package caption Info: hyperref package is loaded.
Package caption Info: listings package is loaded.
Package caption Info: longtable package is loaded.

(C:\Users\matth\AppData\Local\Programs\MiKTeX\tex/latex/caption\ltcaption.sty
Package: ltcaption 2021/01/08 v1.4c longtable captions (AR)
)) (C:\Users\matth\AppData\Local\Programs\MiKTeX\tex/latex/enumitem\enumitem.st
y
Package: enumitem 2019/06/20 v3.9 Customized lists
\labelindent=\skip257
\enit@outerparindent=\dimen264
\enit@toks=\toks37
\enit@inbox=\box64
\enit@count@id=\count370
\enitdp@description=\count371
) (C:\Users\matth\AppData\Local\Programs\MiKTeX\tex/latex/listings\lstlang1.sty
File: lstlang1.sty 2020/03/24 1.8d listings language file
) (C:\Users\matth\AppData\Local\Programs\MiKTeX\tex/latex/listings\lstlang1.sty
File: lstlang1.sty 2020/03/24 1.8d listings language file
)
\dissertation_main@idxfile=\write4
\openout4 = `dissertation_main.idx'.

Writing index file dissertation_main.idx 

(C:\Users\matth\AppData\Local\Programs\MiKTeX\tex/latex/l3backend\l3backend-pdf
tex.def
File: l3backend-pdftex.def 2021-12-14 L3 backend support: PDF output (pdfTeX)
\l__color_backend_stack_int=\count372
\l__pdf_internal_box=\box65
) (dissertation_main.aux)
\openout1 = `dissertation_main.aux'.

LaTeX Font Info:    Checking defaults for OML/cmm/m/it on input line 112.
LaTeX Font Info:    ... okay on input line 112.
LaTeX Font Info:    Checking defaults for OMS/cmsy/m/n on input line 112.
LaTeX Font Info:    ... okay on input line 112.
LaTeX Font Info:    Checking defaults for OT1/cmr/m/n on input line 112.
LaTeX Font Info:    ... okay on input line 112.
LaTeX Font Info:    Checking defaults for T1/cmr/m/n on input line 112.
LaTeX Font Info:    ... okay on input line 112.
LaTeX Font Info:    Checking defaults for TS1/cmr/m/n on input line 112.
LaTeX Font Info:    ... okay on input line 112.
LaTeX Font Info:    Checking defaults for OMX/cmex/m/n on input line 112.
LaTeX Font Info:    ... okay on input line 112.
LaTeX Font Info:    Checking defaults for U/cmr/m/n on input line 112.
LaTeX Font Info:    ... okay on input line 112.
LaTeX Font Info:    Checking defaults for PD1/pdf/m/n on input line 112.
LaTeX Font Info:    ... okay on input line 112.
LaTeX Font Info:    Checking defaults for PU/pdf/m/n on input line 112.
LaTeX Font Info:    ... okay on input line 112.
Package nag Info: Command \RaggedLeft not defined, skipping amendment on input 
line 112.
Package nag Info: Command \RaggedRight not defined, skipping amendment on input
 line 112.
\big@size=\dimen265

(C:\Users\matth\AppData\Local\Programs\MiKTeX\tex/context/base/mkii\supp-pdf.mk
ii
[Loading MPS to PDF converter (version 2006.09.02).]
\scratchcounter=\count373
\scratchdimen=\dimen266
\scratchbox=\box66
\nofMPsegments=\count374
\nofMParguments=\count375
\everyMPshowfont=\toks38
\MPscratchCnt=\count376
\MPscratchDim=\dimen267
\MPnumerator=\count377
\makeMPintoPDFobject=\count378
\everyMPtoPDFconversion=\toks39
)
(C:\Users\matth\AppData\Local\Programs\MiKTeX\tex/latex/epstopdf-pkg\epstopdf-b
ase.sty
Package: epstopdf-base 2020-01-24 v2.11 Base part for package epstopdf
Package epstopdf-base Info: Redefining graphics rule for `.eps' on input line 4
85.

(C:\Users\matth\AppData\Local\Programs\MiKTeX\tex/latex/00miktex\epstopdf-sys.c
fg
File: epstopdf-sys.cfg 2021/03/18 v2.0 Configuration of epstopdf for MiKTeX
))
Package hyperref Info: Link coloring OFF on input line 112.

(C:\Users\matth\AppData\Local\Programs\MiKTeX\tex/latex/hyperref\nameref.sty
Package: nameref 2021-04-02 v2.47 Cross-referencing by name of section

(C:\Users\matth\AppData\Local\Programs\MiKTeX\tex/latex/refcount\refcount.sty
Package: refcount 2019/12/15 v3.6 Data extraction from label references (HO)
)
(C:\Users\matth\AppData\Local\Programs\MiKTeX\tex/generic/gettitlestring\gettit
lestring.sty
Package: gettitlestring 2019/12/15 v1.6 Cleanup title references (HO)
)
\c@section@level=\count379
)
Redoing nameref's sectioning
Redoing nameref's label
LaTeX Info: Redefining \nameref on input line 112.
LaTeX Info: Redefining \ref on input line 112.
LaTeX Info: Redefining \pageref on input line 112.
LaTeX Info: Redefining \nameref on input line 112.
(dissertation_main.out) (dissertation_main.out)
\@outlinefile=\write5
\openout5 = `dissertation_main.out'.

\c@mv@tabular=\count380
\c@mv@boldtabular=\count381
\c@lstlisting=\count382
Package caption Info: Begin \AtBeginDocument code.
Package caption Info: End \AtBeginDocument code.
Package nag Info: Command \captionabove not defined, skipping amendment on inpu
t line 112.
Package nag Info: Command \captionbelow not defined, skipping amendment on inpu
t line 112.
Package nag Info: Command \hc@caption not defined, skipping amendment on input 
line 112.
Package nag Info: Command \topcaption not defined, skipping amendment on input 
line 112.

(C:\Users\matth\AppData\Local\Programs\MiKTeX\tex/latex/psnfss\ot1ppl.fd)
(C:\Users\matth\AppData\Local\Programs\MiKTeX\tex/latex/psnfss\omlzplm.fd)
(C:\Users\matth\AppData\Local\Programs\MiKTeX\tex/latex/psnfss\omszplm.fd)
(C:\Users\matth\AppData\Local\Programs\MiKTeX\tex/latex/psnfss\omxzplm.fd)
(C:\Users\matth\AppData\Local\Programs\MiKTeX\tex/latex/psnfss\ot1zplm.fd)
(dissertation_main.toc
Overfull \hbox (5.81651pt too wide) in paragraph at lines 42--42
 [][] [][]\T1/ppl/m/n/10.95 Differentiation of HL60 cells by Phe-no-lic Com-pou
nds De-rived from 
 []


Underfull \vbox (badness 3078) has occurred while \output is active []

 [1


{C:/Users/matth/AppData/Local/MiKTeX/fonts/map/pdftex/pdftex.map}]) [2]
(dissertation_main.lof) [3

] (frontmatter/abbreviations.tex [4


]) [5] [6


]
(lit_review/background_and_lit_overview_main.tex
Overfull \hbox (7.90561pt too wide) in paragraph at lines 4--5
\T1/ppl/m/n/10.95 The typ-i-cal mul-ti-cel-lu-lar or-gan-ism stores its ge-neti
c code as de-oxyri-bonu-cleic acid (DNA),
 []

LaTeX Font Info:    Font shape `T1/lato-TLF/m/n' will be
(Font)              scaled to size 17.28pt on input line 13.
LaTeX Font Info:    Font shape `T1/lato-TLF/b/n' will be
(Font)              scaled to size 17.28pt on input line 13.
Package acronym Info: Label `acro:AML' newly defined as it shall be overridden
although it is yet undefined on input line 17.

Underfull \vbox (badness 10000) has occurred while \output is active []

 [1

]
<./intro/images//cell_differentiation.png, id=285, 722.7pt x 505.89pt>
File: ./intro/images//cell_differentiation.png Graphic file (type png)
<use ./intro/images//cell_differentiation.png>
Package pdftex.def Info: ./intro/images//cell_differentiation.png  used on inpu
t line 23.
(pdftex.def)             Requested size: 421.0pt x 294.69778pt.
LaTeX Font Info:    Font shape `T1/lato-TLF/m/n' will be
(Font)              scaled to size 10.0pt on input line 28.

[2 <./intro/images//cell_differentiation.png>]
LaTeX Font Info:    Font shape `T1/lato-TLF/m/n' will be
(Font)              scaled to size 14.4pt on input line 28.

Overfull \hbox (2.95734pt too wide) in paragraph at lines 30--31
\T1/ppl/m/n/10.95 Lym-phoblas-tic Leukaemia (ALL), Chronic Myeloid Leukaemia (C
ML) and Chronic Lym-
 []

LaTeX Font Info:    Font shape `T1/lato-TLF/m/n' will be
(Font)              scaled to size 12.0pt on input line 34.
Package acronym Info: Label `acro:FAB' newly defined as it shall be overridden
although it is yet undefined on input line 35.
Package acronym Info: Label `acro:WHO' newly defined as it shall be overridden
although it is yet undefined on input line 59.
[3] [4]
Overfull \hbox (44.32944pt too wide) in paragraph at lines 90--110
 [][] 
 []

[5

]
Package acronym Info: Label `acro:SNP' newly defined as it shall be overridden
although it is yet undefined on input line 121.
 [6

]
Overfull \hbox (6.70729pt too wide) in paragraph at lines 131--151
 [][] 
 []

[7

]
Package acronym Info: Label `acro:ATRA' newly defined as it shall be overridden

although it is yet undefined on input line 167.

Overfull \hbox (3.37595pt too wide) in paragraph at lines 172--173
\T1/ppl/m/n/10.95 t(5;7)(q31.2;q32.3), t(5;16)(q33.3;q23.2-q23.3), t(7;16)(q32.
3;q24.1), t(9;14)(q31.1;q23.2), and
 []

[8]
LaTeX Font Info:    Font shape `T1/lato-TLF/b/it' will be
(Font)              scaled to size 17.28pt on input line 179.
Package acronym Info: Label `acro:NGS' newly defined as it shall be overridden
although it is yet undefined on input line 180.
Package acronym Info: Label `acro:DGE' newly defined as it shall be overridden
although it is yet undefined on input line 180.
LaTeX Font Info:    Font shape `T1/lato-TLF/m/it' will be
(Font)              scaled to size 10.0pt on input line 185.
 [9]
Overfull \hbox (0.49301pt too wide) in paragraph at lines 204--205
\T1/ppl/m/n/10.95 to single-end se-quenc-ing, al-lows both ends of the cDNA fra
g-ment to be se-quenced.
 []

Package acronym Info: Label `acro:DEG' newly defined as it shall be overridden
although it is yet undefined on input line 206.
[10]
LaTeX Font Info:    Trying to load font information for TS1+ppl on input line 2
13.
 (C:\Users\matth\AppData\Local\Programs\MiKTeX\tex/latex/psnfss\ts1ppl.fd
File: ts1ppl.fd 2001/06/04 font definitions for TS1/ppl.
)
Package acronym Info: Label `acro:LLE' newly defined as it shall be overridden
although it is yet undefined on input line 213.

[11]
Package acronym Info: Label `acro:RIN' newly defined as it shall be overridden
although it is yet undefined on input line 217.

Overfull \hbox (7.75815pt too wide) in paragraph at lines 224--225
[]\T1/ppl/m/n/10.95 The next two steps are frag-men-ta-tion and con-ver-sion to
 com-pli-men-tary DNA (cDNA),
 []

<./lit_review/images//ngs_lib_prep.png, id=635, 654.94687pt x 944.02687pt>
File: ./lit_review/images//ngs_lib_prep.png Graphic file (type png)
<use ./lit_review/images//ngs_lib_prep.png>
Package pdftex.def Info: ./lit_review/images//ngs_lib_prep.png  used on input l
ine 236.
(pdftex.def)             Requested size: 227.62204pt x 328.0808pt.

LaTeX Warning: `!h' float specifier changed to `!ht'.

[12]
Package acronym Info: Label `acro:PCR' newly defined as it shall be overridden
although it is yet undefined on input line 243.
<./lit_review/images//ngs_clonal_amp.png, id=660, 1132.23pt x 1053.9375pt>
File: ./lit_review/images//ngs_clonal_amp.png Graphic file (type png)
<use ./lit_review/images//ngs_clonal_amp.png>
Package pdftex.def Info: ./lit_review/images//ngs_clonal_amp.png  used on input
 line 249.
(pdftex.def)             Requested size: 227.62204pt x 211.87732pt.
 [13 <./lit_review/images//ngs_lib_prep.png>]
<./lit_review/images//ngs_sequencing.png, id=680, 590.205pt x 1053.9375pt>
File: ./lit_review/images//ngs_sequencing.png Graphic file (type png)
<use ./lit_review/images//ngs_sequencing.png>
Package pdftex.def Info: ./lit_review/images//ngs_sequencing.png  used on input
 line 262.
(pdftex.def)             Requested size: 227.62204pt x 406.46675pt.


LaTeX Warning: `!h' float specifier changed to `!ht'.

[14 <./lit_review/images//ngs_clonal_amp.png>]
LaTeX Font Info:    Font shape `U/msa/m/n' will be
(Font)              scaled to size 5.21004pt on input line 286.
LaTeX Font Info:    Font shape `U/msb/m/n' will be
(Font)              scaled to size 5.21004pt on input line 286.
LaTeX Font Info:    Trying to load font information for T1+cmtt on input line 2
86.

(C:\Users\matth\AppData\Local\Programs\MiKTeX\tex/latex/base\t1cmtt.fd
File: t1cmtt.fd 2019/12/16 v2.5j Standard LaTeX font definitions
)
Underfull \vbox (badness 10000) has occurred while \output is active []

 [15 <./lit_review/images//ngs_sequencing.png>]
Overfull \hbox (36.91125pt too wide) in paragraph at lines 287--288
[][]$\T1/cmtt/m/n/10.95 https : / / training . galaxyproject . org / training-[
]material / topics / transcriptomics /
 []


Overfull \hbox (9.1194pt too wide) in paragraph at lines 288--289
[][]$\T1/cmtt/m/n/10.95 https : / / btep . ccr . cancer . gov / wp-[]content / 
uploads / RNA-[]seq _ BETP _ 2019rev . pdf$[] 
 []


Overfull \hbox (25.09451pt too wide) in paragraph at lines 289--290
[][]$\T1/cmtt/m/n/10.95 https : / / www . bioconductor . org / packages / devel
 / bioc / vignettes / DEGreport / inst /
 []


Overfull \hbox (48.728pt too wide) in paragraph at lines 290--291
[][]$\T1/cmtt/m/n/10.95 https : / / training . galaxyproject . org / training-[
]material / topics / sequence-[]analysis /
 []


Package nag Warning: $$...$$ is obsolete.
(nag)                Use \[...\] et al. instead on input line 299.


Package nag Warning: $$...$$ is obsolete.
(nag)                Use \[...\] et al. instead on input line 300.

LaTeX Font Info:    Font shape `U/msa/m/n' will be
(Font)              scaled to size 9.37807pt on input line 308.
LaTeX Font Info:    Font shape `U/msa/m/n' will be
(Font)              scaled to size 7.29405pt on input line 308.
LaTeX Font Info:    Font shape `U/msb/m/n' will be
(Font)              scaled to size 9.37807pt on input line 308.
LaTeX Font Info:    Font shape `U/msb/m/n' will be
(Font)              scaled to size 7.29405pt on input line 308.

Underfull \hbox (badness 2096) in paragraph at lines 308--308
[][] [][][]\T1/ppl/m/n/9 The com-plete Q-score en-cod-ing ta-ble: []$\T1/cmtt/m
/n/9 https : / / support . illumina . com / help / BaseSpace _ OLH _
 []


Overfull \hbox (18.21793pt too wide) in paragraph at lines 313--314
[]\T1/ppl/b/n/10.95 Documentation\T1/ppl/m/n/10.95 : []$\T1/cmtt/m/n/10.95 http
s : / / www . bioinformatics . babraham . ac . uk / projects / fastqc /
 []

[16] [17]
Overfull \hbox (12.55956pt too wide) in paragraph at lines 337--338
[]\T1/ppl/b/n/10.95 Documentation\T1/ppl/m/n/10.95 : []$\T1/cmtt/m/n/10.95 http
s : / / www . bioinformatics . babraham . ac . uk / projects / fastq _
 []

<./lit_review/images//fastqscreen_example.png, id=749, 997.47656pt x 261.97874p
t>
File: ./lit_review/images//fastqscreen_example.png Graphic file (type png)
<use ./lit_review/images//fastqscreen_example.png>
Package pdftex.def Info: ./lit_review/images//fastqscreen_example.png  used on 
input line 347.
(pdftex.def)             Requested size: 421.0pt x 110.56998pt.
[18 <./lit_review/images//fastqscreen_example.png>]
Overfull \hbox (0.95885pt too wide) in paragraph at lines 378--379
[]\T1/ppl/m/n/10.95 One of the pri-mary func-tions of Cu-tadapt (as in-di-cated
 by its name) is to trim adapter
 []

[19] [20]
<./lit_review/images//transcriptome_vs_genome_alignment.png, id=827, 722.7pt x 
505.89pt>
File: ./lit_review/images//transcriptome_vs_genome_alignment.png Graphic file (
type png)
<use ./lit_review/images//transcriptome_vs_genome_alignment.png>
Package pdftex.def Info: ./lit_review/images//transcriptome_vs_genome_alignment
.png  used on input line 427.
(pdftex.def)             Requested size: 369.88582pt x 258.91907pt.
 [21]
Underfull \vbox (badness 4752) has occurred while \output is active []

 [22 <./lit_review/images//transcriptome_vs_genome_alignment.png>]
Overfull \hbox (12.55956pt too wide) in paragraph at lines 445--446
[]\T1/ppl/b/n/10.95 Documentation\T1/ppl/m/n/10.95 : []$\T1/cmtt/m/n/10.95 http
s : / / physiology . med . cornell . edu / faculty / skrabanek / lab /
 []


Overfull \hbox (6.90955pt too wide) in paragraph at lines 458--459
\T1/ppl/m/n/10.95 and Gin-geras[] ([]2015[]) pro-vide ex-cel-lent de-scrip-tion
s of nine dif-fer-ent datatype- and output-
 []

[23] [24]
Overfull \hbox (39.74352pt too wide) in paragraph at lines 504--505
\T1/ppl/m/n/10.95 The genome in-dex to be used by the aligner may be gen-er-ate
d through \T1/cmtt/m/n/10.95 rsem-prepare-reference
 []


Overfull \hbox (21.97197pt too wide) in paragraph at lines 509--510
[]\T1/ppl/m/n/10.95 Outputs a gene-centric file, with the fol-low-ing columns: 
\T1/cmtt/m/n/10.95 gene_id, transcript_id(s),
 []

<./lit_review/images//library_differences.png, id=937, 469.755pt x 469.755pt>
File: ./lit_review/images//library_differences.png Graphic file (type png)
<use ./lit_review/images//library_differences.png>
Package pdftex.def Info: ./lit_review/images//library_differences.png  used on 
input line 519.
(pdftex.def)             Requested size: 256.0748pt x 256.07233pt.
LaTeX Font Info:    Font shape `T1/lato-TLF/m/it' will be
(Font)              scaled to size 12.0pt on input line 525.
Package acronym Info: Label `acro:TMM' newly defined as it shall be overridden
although it is yet undefined on input line 528.

Underfull \hbox (badness 10000) in paragraph at lines 528--528
[][] [][][][]$\T1/cmtt/m/n/9 https : / / www . bioconductor . org / packages / 
release / bioc / vignettes / edgeR / inst / doc /
 []


Underfull \vbox (badness 1292) has occurred while \output is active []

 [25]
Overfull \hbox (8.68948pt too wide) in paragraph at lines 530--531
[][][] \T1/ppl/m/n/10.95 per-forms bet-ter for between-samples com-par-isons, a
s op-posed to within-sample
 []

[26 <./lit_review/images//library_differences.png>]

Package nag Warning: $$...$$ is obsolete.
(nag)                Use \[...\] et al. instead on input line 534.


Package nag Warning: $$...$$ is obsolete.
(nag)                Use \[...\] et al. instead on input line 538.

Package acronym Info: Label `acro:logFC' newly defined as it shall be overridde
n
although it is yet undefined on input line 550.
[27]
<./lit_review/images//edger_dge_options.png, id=1037, 722.7pt x 505.89pt>
File: ./lit_review/images//edger_dge_options.png Graphic file (type png)
<use ./lit_review/images//edger_dge_options.png>
Package pdftex.def Info: ./lit_review/images//edger_dge_options.png  used on in
put line 570.
(pdftex.def)             Requested size: 369.88582pt x 258.91907pt.


LaTeX Warning: `!h' float specifier changed to `!ht'.

[28]
Package acronym Info: Label `acro:BCV' newly defined as it shall be overridden
although it is yet undefined on input line 579.
Package acronym Info: Label `acro:FDR' newly defined as it shall be overridden
although it is yet undefined on input line 581.
Package acronym Info: Label `acro:GO' newly defined as it shall be overridden
although it is yet undefined on input line 583.
Package acronym Info: Label `acro:KEGG' newly defined as it shall be overridden

although it is yet undefined on input line 583.
 [29 <./lit_review/images//edger_dge_options.png>] [30]
Package acronym Info: Label `acro:GSEA' newly defined as it shall be overridden

although it is yet undefined on input line 619.
 [31] [32] [33]
<./lit_review/images//tyrosol_hydroxytyrosol.jpg, id=1235, 481.8pt x 306.64563p
t>
File: ./lit_review/images//tyrosol_hydroxytyrosol.jpg Graphic file (type jpg)
<use ./lit_review/images//tyrosol_hydroxytyrosol.jpg>
Package pdftex.def Info: ./lit_review/images//tyrosol_hydroxytyrosol.jpg  used 
on input line 659.
(pdftex.def)             Requested size: 227.62204pt x 144.8721pt.

[34 <./lit_review/images//tyrosol_hydroxytyrosol.jpg>] [35] [36]
Overfull \hbox (27.00278pt too wide) in paragraph at lines 709--749
[][] 
 []

[37

]
Overfull \hbox (65.42216pt too wide) in paragraph at lines 762--782
 [][] 
 []

[38


]
Overfull \hbox (99.14531pt too wide) in paragraph at lines 794--810
 [][] 
 []

[39


]
Underfull \vbox (badness 1360) has occurred while \output is active []

 [40

]
[41] [42]) [43] [44

] (dissertation_main.bbl
Underfull \hbox (badness 4543) in paragraph at lines 9--12
[]\T1/ppl/m/n/8 Acute myeloid leukemia (aml) sub-types and prog-nos-tic fac-tor
s.  URL []$\T1/cmtt/m/n/8 https : / / www . cancer . org / cancer /
 []

[45


]
Underfull \vbox (badness 10000) has occurred while \output is active []

 [46]
Underfull \vbox (badness 10000) has occurred while \output is active []

 [47]
Underfull \vbox (badness 10000) has occurred while \output is active []

 [48]
Underfull \vbox (badness 10000) has occurred while \output is active []

 [49]
Underfull \vbox (badness 10000) has occurred while \output is active []

 [50]
Underfull \vbox (badness 10000) has occurred while \output is active []

 [51]
Underfull \hbox (badness 1400) in paragraph at lines 974--978
[]\T1/ppl/m/n/8 Nekrutenko, A.  Reference-based rnaseq data anal-y-sis (long). 
 URL []$\T1/cmtt/m/n/8 https : / / training . galaxyproject . org /
 []


Underfull \vbox (badness 10000) has occurred while \output is active []

 [52]
Underfull \vbox (badness 10000) has occurred while \output is active []

 [53]
Underfull \vbox (badness 10000) has occurred while \output is active []

 [54])
No file dissertation_main.ind.

Package nag Warning: 4 complaints in total.

[55]
\tf@toc=\write6
\openout6 = `dissertation_main.toc'.

\tf@lof=\write7
\openout7 = `dissertation_main.lof'.

 (dissertation_main.aux)
Package rerunfilecheck Info: File `dissertation_main.out' has not changed.
(rerunfilecheck)             Checksum: 87C1A8946D360C3CA38E98266C56EB2F;4593.
 ) 
Here is how much of TeX's memory you used:
 21791 strings out of 478659
 355909 string characters out of 2845919
 881529 words of memory out of 3000000
 39133 multiletter control sequences out of 15000+600000
 713619 words of font info for 138 fonts, out of 8000000 for 9000
 1141 hyphenation exceptions out of 8191
 85i,13n,120p,1465b,1002s stack positions out of 5000i,500n,10000p,200000b,80000s
 <C:\Users\matth\AppData\Local\MiKTeX\fonts/pk/ljfour/jknappen/ec/dpi600\ectt
0800.pk>{C:/Users/matth/AppData/Local/Programs/MiKTeX/fonts/enc/dvips/base/8r.e
nc} <C:\Users\matth\AppData\Local\MiKTeX\fonts/pk/ljfour/jknappen/ec/dpi600\ect
t0900.pk> <C:\Users\matth\AppData\Local\MiKTeX\fonts/pk/ljfour/jknappen/ec/dpi6
00\ectt1095.pk>{C:/Users/matth/AppData/Local/Programs/MiKTeX/fonts/enc/dvips/la
to/a_cl4kdn.enc}<C:/Users/matth/AppData/Local/Programs/MiKTeX/fonts/type1/typol
and/lato/Lato-Bold.pfb><C:/Users/matth/AppData/Local/Programs/MiKTeX/fonts/type
1/typoland/lato/Lato-BoldItalic.pfb><C:/Users/matth/AppData/Local/Programs/MiKT
eX/fonts/type1/typoland/lato/Lato-Italic.pfb><C:/Users/matth/AppData/Local/Prog
rams/MiKTeX/fonts/type1/typoland/lato/Lato-Regular.pfb><C:/Users/matth/AppData/
Local/Programs/MiKTeX/fonts/type1/public/amsfonts/cm/cmr10.pfb><C:/Users/matth/
AppData/Local/Programs/MiKTeX/fonts/type1/public/amsfonts/cm/cmsy10.pfb><C:/Use
rs/matth/AppData/Local/Programs/MiKTeX/fonts/type1/public/amsfonts/symbols/msam
10.pfb><C:/Users/matth/AppData/Local/Programs/MiKTeX/fonts/type1/urw/palatino/u
plb8a.pfb><C:/Users/matth/AppData/Local/Programs/MiKTeX/fonts/type1/urw/palatin
o/uplbi8a.pfb><C:/Users/matth/AppData/Local/Programs/MiKTeX/fonts/type1/urw/pal
atino/uplr8a.pfb><C:/Users/matth/AppData/Local/Programs/MiKTeX/fonts/type1/urw/
palatino/uplr8a.pfb><C:/Users/matth/AppData/Local/Programs/MiKTeX/fonts/type1/u
rw/palatino/uplri8a.pfb>
Output written on dissertation_main.pdf (61 pages, 2075997 bytes).
PDF statistics:
 1814 PDF objects out of 2073 (max. 8388607)
 387 named destinations out of 1000 (max. 500000)
 262 words of extra memory for PDF output out of 10000 (max. 10000000)

