[2021-06-22 09:02:18,775] multiqc                                            [DEBUG  ]  No MultiQC config found: /home/bioinf/anaconda3/lib/python3.8/site-packages/multiqc_config.yaml
[2021-06-22 09:02:18,775] multiqc                                            [DEBUG  ]  No MultiQC config found: /home/bioinf/.multiqc_config.yaml
[2021-06-22 09:02:18,775] multiqc                                            [DEBUG  ]  No MultiQC config found: multiqc_config.yaml
[2021-06-22 09:02:18,775] multiqc                                            [DEBUG  ]  Command used: /home/bioinf/anaconda3/bin/multiqc .
[2021-06-22 09:02:19,103] multiqc                                            [WARNING]  MultiQC Version v1.10.1 now available!
[2021-06-22 09:02:19,103] multiqc                                            [INFO   ]  This is MultiQC v1.9
[2021-06-22 09:02:19,104] multiqc                                            [DEBUG  ]  Command     : /home/bioinf/anaconda3/bin/multiqc .
[2021-06-22 09:02:19,104] multiqc                                            [DEBUG  ]  Working dir : /home/bioinf/Desktop/Dissertation/FASTQC
[2021-06-22 09:02:19,104] multiqc                                            [INFO   ]  Template    : default
[2021-06-22 09:02:19,104] multiqc                                            [DEBUG  ]  Running Python 3.8.5 (default, Sep  4 2020, 07:30:14)  [GCC 7.3.0]
[2021-06-22 09:02:19,104] multiqc                                            [INFO   ]  Searching   : /home/bioinf/Desktop/Dissertation/FASTQC
[2021-06-22 09:02:19,106] multiqc                                            [DEBUG  ]  Analysing modules: custom_content, conpair, peddy, somalier, methylQA, mosdepth, phantompeakqualtools, qualimap, preseq, quast, qorts, rna_seqc, rockhopper, rsem, rseqc, busco, goleft_indexcov, disambiguate, supernova, deeptools, sargasso, verifybamid, mirtrace, happy, mirtop, homer, macs2, theta2, snpeff, gatk, htseq, bcftools, featureCounts, fgbio, dragen, dedup, damageprofiler, biobambam2, mtnucratio, picard, prokka, samblaster, samtools, sexdeterrmine, bamtools, jellyfish, vcftools, longranger, stacks, varscan2, bbmap, bismark, biscuit, hicexplorer, hicup, hicpro, salmon, kallisto, slamdunk, star, hisat2, tophat, bowtie2, bowtie1, snpsplit, kat, leehom, adapterRemoval, clipandmerge, cutadapt, flexbar, kaiju, kraken, malt, trimmomatic, sickle, skewer, sortmerna, biobloomtools, fastq_screen, afterqc, fastp, fastqc, pycoqc, minionqc, multivcfanalyzer, clusterflow, bcl2fastq, interop, ivar, flash, seqyclean
[2021-06-22 09:02:19,106] multiqc                                            [DEBUG  ]  Using temporary directory for creating report: /tmp/tmpt3h7iow5
[2021-06-22 09:02:19,334] multiqc                                            [DEBUG  ]  File ignored by hicexplorer because it exceeded search pattern filesize limit: C9LMRACXX_15_16s004929-1-1_Zammit-Mangion_lane416s004929_sequence_fastqc.html
[2021-06-22 09:02:19,337] multiqc                                            [DEBUG  ]  File ignored by longranger/invocation because it exceeded search pattern filesize limit: C9LMRACXX_15_16s004929-1-1_Zammit-Mangion_lane416s004929_sequence_fastqc.html
[2021-06-22 09:02:19,337] multiqc                                            [DEBUG  ]  File ignored by rockhopper because it exceeded search pattern filesize limit: C9LMRACXX_15_16s004929-1-1_Zammit-Mangion_lane416s004929_sequence_fastqc.html
[2021-06-22 09:02:19,338] multiqc                                            [DEBUG  ]  File ignored by rseqc/bam_stat because it exceeded search pattern filesize limit: C9LMRACXX_15_16s004929-1-1_Zammit-Mangion_lane416s004929_sequence_fastqc.html
[2021-06-22 09:02:19,338] multiqc                                            [DEBUG  ]  File ignored by rseqc/junction_annotation because it exceeded search pattern filesize limit: C9LMRACXX_15_16s004929-1-1_Zammit-Mangion_lane416s004929_sequence_fastqc.html
[2021-06-22 09:02:19,338] multiqc                                            [DEBUG  ]  File ignored by rseqc/read_distribution because it exceeded search pattern filesize limit: C9LMRACXX_15_16s004929-1-1_Zammit-Mangion_lane416s004929_sequence_fastqc.html
[2021-06-22 09:02:19,338] multiqc                                            [DEBUG  ]  File ignored by rseqc/infer_experiment because it exceeded search pattern filesize limit: C9LMRACXX_15_16s004929-1-1_Zammit-Mangion_lane416s004929_sequence_fastqc.html
[2021-06-22 09:02:19,420] multiqc                                            [DEBUG  ]  File ignored by hicexplorer because it exceeded search pattern filesize limit: C9LMRACXX_16_16s004930-1-1_Zammit-Mangion_lane416s004930_sequence_fastqc.html
[2021-06-22 09:02:19,422] multiqc                                            [DEBUG  ]  File ignored by longranger/invocation because it exceeded search pattern filesize limit: C9LMRACXX_16_16s004930-1-1_Zammit-Mangion_lane416s004930_sequence_fastqc.html
[2021-06-22 09:02:19,422] multiqc                                            [DEBUG  ]  File ignored by rockhopper because it exceeded search pattern filesize limit: C9LMRACXX_16_16s004930-1-1_Zammit-Mangion_lane416s004930_sequence_fastqc.html
[2021-06-22 09:02:19,422] multiqc                                            [DEBUG  ]  File ignored by rseqc/bam_stat because it exceeded search pattern filesize limit: C9LMRACXX_16_16s004930-1-1_Zammit-Mangion_lane416s004930_sequence_fastqc.html
[2021-06-22 09:02:19,422] multiqc                                            [DEBUG  ]  File ignored by rseqc/junction_annotation because it exceeded search pattern filesize limit: C9LMRACXX_16_16s004930-1-1_Zammit-Mangion_lane416s004930_sequence_fastqc.html
[2021-06-22 09:02:19,422] multiqc                                            [DEBUG  ]  File ignored by rseqc/read_distribution because it exceeded search pattern filesize limit: C9LMRACXX_16_16s004930-1-1_Zammit-Mangion_lane416s004930_sequence_fastqc.html
[2021-06-22 09:02:19,422] multiqc                                            [DEBUG  ]  File ignored by rseqc/infer_experiment because it exceeded search pattern filesize limit: C9LMRACXX_16_16s004930-1-1_Zammit-Mangion_lane416s004930_sequence_fastqc.html
[2021-06-22 09:02:19,502] multiqc                                            [DEBUG  ]  File ignored by hicexplorer because it exceeded search pattern filesize limit: C9LMRACXX_10_16s004924-1-1_Zammit-Mangion_lane316s004924_sequence_fastqc.html
[2021-06-22 09:02:19,504] multiqc                                            [DEBUG  ]  File ignored by longranger/invocation because it exceeded search pattern filesize limit: C9LMRACXX_10_16s004924-1-1_Zammit-Mangion_lane316s004924_sequence_fastqc.html
[2021-06-22 09:02:19,504] multiqc                                            [DEBUG  ]  File ignored by rockhopper because it exceeded search pattern filesize limit: C9LMRACXX_10_16s004924-1-1_Zammit-Mangion_lane316s004924_sequence_fastqc.html
[2021-06-22 09:02:19,504] multiqc                                            [DEBUG  ]  File ignored by rseqc/bam_stat because it exceeded search pattern filesize limit: C9LMRACXX_10_16s004924-1-1_Zammit-Mangion_lane316s004924_sequence_fastqc.html
[2021-06-22 09:02:19,504] multiqc                                            [DEBUG  ]  File ignored by rseqc/junction_annotation because it exceeded search pattern filesize limit: C9LMRACXX_10_16s004924-1-1_Zammit-Mangion_lane316s004924_sequence_fastqc.html
[2021-06-22 09:02:19,504] multiqc                                            [DEBUG  ]  File ignored by rseqc/read_distribution because it exceeded search pattern filesize limit: C9LMRACXX_10_16s004924-1-1_Zammit-Mangion_lane316s004924_sequence_fastqc.html
[2021-06-22 09:02:19,504] multiqc                                            [DEBUG  ]  File ignored by rseqc/infer_experiment because it exceeded search pattern filesize limit: C9LMRACXX_10_16s004924-1-1_Zammit-Mangion_lane316s004924_sequence_fastqc.html
[2021-06-22 09:02:19,581] multiqc                                            [DEBUG  ]  File ignored by hicexplorer because it exceeded search pattern filesize limit: C9LMRACXX_5_16s004919-1-1_Zammit-Mangion_lane216s004919_sequence_fastqc.html
[2021-06-22 09:02:19,583] multiqc                                            [DEBUG  ]  File ignored by longranger/invocation because it exceeded search pattern filesize limit: C9LMRACXX_5_16s004919-1-1_Zammit-Mangion_lane216s004919_sequence_fastqc.html
[2021-06-22 09:02:19,583] multiqc                                            [DEBUG  ]  File ignored by rockhopper because it exceeded search pattern filesize limit: C9LMRACXX_5_16s004919-1-1_Zammit-Mangion_lane216s004919_sequence_fastqc.html
[2021-06-22 09:02:19,583] multiqc                                            [DEBUG  ]  File ignored by rseqc/bam_stat because it exceeded search pattern filesize limit: C9LMRACXX_5_16s004919-1-1_Zammit-Mangion_lane216s004919_sequence_fastqc.html
[2021-06-22 09:02:19,584] multiqc                                            [DEBUG  ]  File ignored by rseqc/junction_annotation because it exceeded search pattern filesize limit: C9LMRACXX_5_16s004919-1-1_Zammit-Mangion_lane216s004919_sequence_fastqc.html
[2021-06-22 09:02:19,584] multiqc                                            [DEBUG  ]  File ignored by rseqc/read_distribution because it exceeded search pattern filesize limit: C9LMRACXX_5_16s004919-1-1_Zammit-Mangion_lane216s004919_sequence_fastqc.html
[2021-06-22 09:02:19,584] multiqc                                            [DEBUG  ]  File ignored by rseqc/infer_experiment because it exceeded search pattern filesize limit: C9LMRACXX_5_16s004919-1-1_Zammit-Mangion_lane216s004919_sequence_fastqc.html
[2021-06-22 09:02:20,091] multiqc.plots.bargraph                             [DEBUG  ]  Using matplotlib version 3.3.2
[2021-06-22 09:02:20,091] multiqc.plots.linegraph                            [DEBUG  ]  Using matplotlib version 3.3.2
[2021-06-22 09:02:20,092] multiqc                                            [DEBUG  ]  No samples found: custom_content
[2021-06-22 09:02:20,098] multiqc                                            [DEBUG  ]  No samples found: conpair
[2021-06-22 09:02:20,104] multiqc                                            [DEBUG  ]  No samples found: peddy
[2021-06-22 09:02:20,111] multiqc                                            [DEBUG  ]  No samples found: somalier
[2021-06-22 09:02:20,117] multiqc                                            [DEBUG  ]  No samples found: methylQA
[2021-06-22 09:02:20,124] multiqc                                            [DEBUG  ]  No samples found: mosdepth
[2021-06-22 09:02:20,130] multiqc                                            [DEBUG  ]  No samples found: phantompeakqualtools
[2021-06-22 09:02:20,135] multiqc                                            [DEBUG  ]  No samples found: qualimap
[2021-06-22 09:02:20,141] multiqc                                            [DEBUG  ]  No samples found: preseq
[2021-06-22 09:02:20,147] multiqc                                            [DEBUG  ]  No samples found: quast
[2021-06-22 09:02:20,153] multiqc                                            [DEBUG  ]  No samples found: qorts
[2021-06-22 09:02:20,159] multiqc                                            [DEBUG  ]  No samples found: rna_seqc
[2021-06-22 09:02:20,165] multiqc                                            [DEBUG  ]  No samples found: rockhopper
[2021-06-22 09:02:20,171] multiqc                                            [DEBUG  ]  No samples found: rsem
[2021-06-22 09:02:20,178] multiqc                                            [DEBUG  ]  No samples found: rseqc
[2021-06-22 09:02:20,184] multiqc                                            [DEBUG  ]  No samples found: busco
[2021-06-22 09:02:20,190] multiqc                                            [DEBUG  ]  No samples found: goleft_indexcov
[2021-06-22 09:02:20,196] multiqc                                            [DEBUG  ]  No samples found: disambiguate
[2021-06-22 09:02:20,202] multiqc                                            [DEBUG  ]  No samples found: supernova
[2021-06-22 09:02:20,210] multiqc                                            [DEBUG  ]  No samples found: deeptools
[2021-06-22 09:02:20,216] multiqc                                            [DEBUG  ]  No samples found: sargasso
[2021-06-22 09:02:20,222] multiqc                                            [DEBUG  ]  No samples found: verifybamid
[2021-06-22 09:02:20,228] multiqc                                            [DEBUG  ]  No samples found: mirtrace
[2021-06-22 09:02:20,235] multiqc                                            [DEBUG  ]  No samples found: happy
[2021-06-22 09:02:20,242] multiqc                                            [DEBUG  ]  No samples found: mirtop
[2021-06-22 09:02:20,248] multiqc                                            [DEBUG  ]  No samples found: homer
[2021-06-22 09:02:20,254] multiqc                                            [DEBUG  ]  No samples found: macs2
[2021-06-22 09:02:20,260] multiqc                                            [DEBUG  ]  No samples found: theta2
[2021-06-22 09:02:20,266] multiqc                                            [DEBUG  ]  No samples found: snpeff
[2021-06-22 09:02:20,273] multiqc                                            [DEBUG  ]  No samples found: gatk
[2021-06-22 09:02:20,278] multiqc                                            [DEBUG  ]  No samples found: htseq
[2021-06-22 09:02:20,285] multiqc                                            [DEBUG  ]  No samples found: bcftools
[2021-06-22 09:02:20,290] multiqc                                            [DEBUG  ]  No samples found: featureCounts
[2021-06-22 09:02:20,297] multiqc                                            [DEBUG  ]  No samples found: fgbio
[2021-06-22 09:02:20,306] multiqc                                            [DEBUG  ]  No samples found: dragen
[2021-06-22 09:02:20,312] multiqc                                            [DEBUG  ]  No samples found: dedup
[2021-06-22 09:02:20,332] multiqc                                            [DEBUG  ]  No samples found: damageprofiler
[2021-06-22 09:02:20,345] multiqc                                            [DEBUG  ]  No samples found: biobambam2
[2021-06-22 09:02:20,351] multiqc                                            [DEBUG  ]  No samples found: mtnucratio
[2021-06-22 09:02:20,356] multiqc                                            [DEBUG  ]  No samples found: picard
[2021-06-22 09:02:20,362] multiqc                                            [DEBUG  ]  No samples found: prokka
[2021-06-22 09:02:20,368] multiqc                                            [DEBUG  ]  No samples found: samblaster
[2021-06-22 09:02:20,376] multiqc                                            [DEBUG  ]  No samples found: samtools
[2021-06-22 09:02:20,382] multiqc                                            [DEBUG  ]  No samples found: sexdeterrmine
[2021-06-22 09:02:20,388] multiqc                                            [DEBUG  ]  No samples found: bamtools
[2021-06-22 09:02:20,395] multiqc                                            [DEBUG  ]  No samples found: jellyfish
[2021-06-22 09:02:20,401] multiqc                                            [DEBUG  ]  No samples found: vcftools
[2021-06-22 09:02:20,407] multiqc                                            [DEBUG  ]  No samples found: longranger
[2021-06-22 09:02:20,413] multiqc                                            [DEBUG  ]  No samples found: stacks
[2021-06-22 09:02:20,419] multiqc                                            [DEBUG  ]  No samples found: varscan2
[2021-06-22 09:02:20,428] multiqc                                            [DEBUG  ]  No samples found: bbmap
[2021-06-22 09:02:20,434] multiqc                                            [DEBUG  ]  No samples found: bismark
[2021-06-22 09:02:20,441] multiqc                                            [DEBUG  ]  No samples found: biscuit
[2021-06-22 09:02:20,447] multiqc                                            [DEBUG  ]  No samples found: hicexplorer
[2021-06-22 09:02:20,453] multiqc                                            [DEBUG  ]  No samples found: hicup
[2021-06-22 09:02:20,459] multiqc                                            [DEBUG  ]  No samples found: hicpro
[2021-06-22 09:02:20,465] multiqc                                            [DEBUG  ]  No samples found: salmon
[2021-06-22 09:02:20,471] multiqc                                            [DEBUG  ]  No samples found: kallisto
[2021-06-22 09:02:20,477] multiqc                                            [DEBUG  ]  No samples found: slamdunk
[2021-06-22 09:02:20,483] multiqc                                            [DEBUG  ]  No samples found: star
[2021-06-22 09:02:20,489] multiqc                                            [DEBUG  ]  No samples found: hisat2
[2021-06-22 09:02:20,495] multiqc                                            [DEBUG  ]  No samples found: tophat
[2021-06-22 09:02:20,501] multiqc                                            [DEBUG  ]  No samples found: bowtie2
[2021-06-22 09:02:20,507] multiqc                                            [DEBUG  ]  No samples found: bowtie1
[2021-06-22 09:02:20,513] multiqc                                            [DEBUG  ]  No samples found: snpsplit
[2021-06-22 09:02:20,519] multiqc                                            [DEBUG  ]  No samples found: kat
[2021-06-22 09:02:20,525] multiqc                                            [DEBUG  ]  No samples found: leehom
[2021-06-22 09:02:20,532] multiqc                                            [DEBUG  ]  No samples found: adapterRemoval
[2021-06-22 09:02:20,538] multiqc                                            [DEBUG  ]  No samples found: clipandmerge
[2021-06-22 09:02:20,544] multiqc                                            [DEBUG  ]  No samples found: cutadapt
[2021-06-22 09:02:20,550] multiqc                                            [DEBUG  ]  No samples found: flexbar
[2021-06-22 09:02:20,556] multiqc                                            [DEBUG  ]  No samples found: kaiju
[2021-06-22 09:02:20,562] multiqc                                            [DEBUG  ]  No samples found: kraken
[2021-06-22 09:02:20,568] multiqc                                            [DEBUG  ]  No samples found: malt
[2021-06-22 09:02:20,574] multiqc                                            [DEBUG  ]  No samples found: trimmomatic
[2021-06-22 09:02:20,580] multiqc                                            [DEBUG  ]  No samples found: sickle
[2021-06-22 09:02:20,585] multiqc                                            [DEBUG  ]  No samples found: skewer
[2021-06-22 09:02:20,591] multiqc                                            [DEBUG  ]  No samples found: sortmerna
[2021-06-22 09:02:20,597] multiqc                                            [DEBUG  ]  No samples found: biobloomtools
[2021-06-22 09:02:20,604] multiqc                                            [DEBUG  ]  No samples found: fastq_screen
[2021-06-22 09:02:20,609] multiqc                                            [DEBUG  ]  No samples found: afterqc
[2021-06-22 09:02:20,616] multiqc                                            [DEBUG  ]  No samples found: fastp
[2021-06-22 09:02:20,769] multiqc.modules.fastqc.fastqc                      [INFO   ]  Found 4 reports
[2021-06-22 09:02:20,895] multiqc                                            [DEBUG  ]  No samples found: pycoqc
[2021-06-22 09:02:20,901] multiqc                                            [DEBUG  ]  No samples found: minionqc
[2021-06-22 09:02:20,907] multiqc                                            [DEBUG  ]  No samples found: multivcfanalyzer
[2021-06-22 09:02:20,913] multiqc                                            [DEBUG  ]  No samples found: clusterflow
[2021-06-22 09:02:20,919] multiqc                                            [DEBUG  ]  No samples found: bcl2fastq
[2021-06-22 09:02:20,924] multiqc                                            [DEBUG  ]  No samples found: interop
[2021-06-22 09:02:20,930] multiqc                                            [DEBUG  ]  No samples found: ivar
[2021-06-22 09:02:20,936] multiqc                                            [DEBUG  ]  No samples found: flash
[2021-06-22 09:02:20,942] multiqc                                            [DEBUG  ]  No samples found: seqyclean
[2021-06-22 09:02:20,953] multiqc                                            [INFO   ]  Compressing plot data
[2021-06-22 09:02:21,146] multiqc                                            [INFO   ]  Report      : multiqc_report.html
[2021-06-22 09:02:21,146] multiqc                                            [INFO   ]  Data        : multiqc_data
[2021-06-22 09:02:21,146] multiqc                                            [DEBUG  ]  Moving data file from '/tmp/tmpt3h7iow5/multiqc_data' to '/home/bioinf/Desktop/Dissertation/FASTQC/multiqc_data'
[2021-06-22 09:02:21,341] multiqc                                            [INFO   ]  MultiQC complete
